SF:lib\modules\home\infra\model\character_model.dart
DA:5,5
DA:8,5
DA:11,5
DA:12,5
DA:13,5
DA:14,5
LF:6
LH:6
end_of_record
SF:lib\core\http_client.dart
DA:4,0
DA:13,0
LF:2
LH:0
end_of_record
SF:lib\core\result.dart
DA:1,5
DA:8,8
DA:11,4
DA:15,15
DA:17,15
DA:19,0
LF:6
LH:5
end_of_record
SF:lib\modules\home\data\data\get_character_by_name_status_data.dart
DA:11,1
DA:16,1
DA:18,3
DA:20,2
DA:21,1
DA:22,2
DA:24,1
DA:26,1
DA:28,3
LF:9
LH:9
end_of_record
SF:lib\modules\home\domain\failures\home_failures.dart
DA:4,4
DA:8,8
DA:12,2
LF:3
LH:3
end_of_record
SF:lib\modules\home\infra\repositories\get_character_by_name_status_repository.dart
DA:11,1
DA:16,1
DA:28,1
DA:30,3
DA:32,2
DA:34,3
DA:35,1
DA:39,1
DA:40,1
DA:42,3
LF:10
LH:10
end_of_record
SF:lib\modules\home\domain\entities\character_entity.dart
DA:5,5
LF:1
LH:1
end_of_record
SF:lib\modules\home\domain\usecases\get_character_by_name_status_usecase.dart
DA:13,1
DA:18,4
LF:2
LH:2
end_of_record
SF:lib\core\i.dart
DA:5,3
LF:1
LH:1
end_of_record
SF:lib\modules\home\presenter\pages\home_page.dart
DA:6,1
DA:8,1
DA:9,1
DA:22,1
DA:24,1
DA:25,2
DA:26,0
DA:28,0
DA:30,0
DA:31,0
DA:33,0
DA:35,0
DA:37,0
DA:38,0
DA:39,0
DA:40,0
DA:43,0
DA:45,0
DA:51,1
DA:53,1
DA:54,2
DA:57,1
DA:58,3
DA:61,1
DA:62,3
DA:64,4
DA:65,2
DA:66,2
DA:67,1
DA:72,1
DA:74,1
DA:76,1
DA:77,1
DA:79,1
DA:81,1
DA:83,1
DA:84,1
DA:85,1
DA:86,1
DA:87,1
DA:88,1
DA:90,1
DA:92,1
DA:93,1
DA:98,1
DA:100,1
DA:102,1
DA:103,1
DA:111,1
DA:112,0
DA:113,0
DA:115,0
DA:116,0
DA:117,0
DA:130,1
DA:136,1
DA:137,1
DA:138,1
DA:139,1
DA:140,1
DA:141,1
DA:143,1
DA:144,2
DA:145,1
DA:147,2
DA:149,1
DA:153,1
DA:154,2
DA:155,1
DA:156,1
DA:159,1
DA:176,2
DA:181,1
DA:182,0
DA:185,0
DA:186,0
DA:203,1
DA:205,1
DA:216,1
DA:217,1
DA:218,3
DA:219,2
DA:220,2
DA:221,3
DA:224,2
LF:85
LH:65
end_of_record
SF:lib\modules\home\presenter\providers\home_provider.dart
DA:16,2
DA:21,2
DA:22,2
DA:23,4
DA:24,2
DA:25,2
DA:26,2
DA:29,2
DA:31,6
DA:33,2
DA:34,1
DA:35,2
DA:36,1
DA:42,2
DA:43,6
DA:45,2
DA:47,4
DA:48,2
DA:49,4
DA:52,2
LF:20
LH:20
end_of_record
